Using pre-set license
Built from '2020.3/staging' branch; Version is '2020.3.28f1 (f5400f52e03f) revision 16072719'; Using compiler version '192528614'; Build Type 'Release'
OS: 'Windows 10  (10.0.19043) 64bit Professional' Language: 'en' Physical Memory: 7896 MB
BatchMode: 1, IsHumanControllingUs: 0, StartBugReporterOnCrash: 0, Is64bit: 1, IsPro: 0

COMMAND LINE ARGUMENTS:
C:\Program Files\Unity\Hub\Editor\2020.3.28f1\Editor\Unity.exe
-adb2
-batchMode
-noUpm
-name
AssetImportWorker12
-projectPath
D:/My Foocking Piece Of Shit Stoff/New folder/fight
-logFile
Logs/AssetImportWorker12.log
-srvPort
65060
Successfully changed project path to: D:/My Foocking Piece Of Shit Stoff/New folder/fight
D:/My Foocking Piece Of Shit Stoff/New folder/fight
Using Asset Import Pipeline V2.
Refreshing native plugins compatible for Editor in 73.12 ms, found 3 plugins.
Preloading 0 native plugins for Editor in 0.00 ms.
Initialize engine version: 2020.3.28f1 (f5400f52e03f)
[Subsystems] Discovering subsystems at path C:/Program Files/Unity/Hub/Editor/2020.3.28f1/Editor/Data/Resources/UnitySubsystems
[Subsystems] Discovering subsystems at path D:/My Foocking Piece Of Shit Stoff/New folder/fight/Assets
GfxDevice: creating device client; threaded=0
Direct3D:
    Version:  Direct3D 11.0 [level 11.1]
    Renderer: Intel(R) HD Graphics 4600 (ID=0x416)
    Vendor:   
    VRAM:     2048 MB
    Driver:   20.19.15.4835
Initialize mono
Mono path[0] = 'C:/Program Files/Unity/Hub/Editor/2020.3.28f1/Editor/Data/Managed'
Mono path[1] = 'C:/Program Files/Unity/Hub/Editor/2020.3.28f1/Editor/Data/MonoBleedingEdge/lib/mono/unityjit'
Mono config path = 'C:/Program Files/Unity/Hub/Editor/2020.3.28f1/Editor/Data/MonoBleedingEdge/etc'
Using monoOptions --debugger-agent=transport=dt_socket,embedding=1,server=y,suspend=n,address=127.0.0.1:56508
Begin MonoManager ReloadAssembly
Registering precompiled unity dll's ...
Register platform support module: C:/Program Files/Unity/Hub/Editor/2020.3.28f1/Editor/Data/PlaybackEngines/WebGLSupport/UnityEditor.WebGL.Extensions.dll
Register platform support module: C:/Program Files/Unity/Hub/Editor/2020.3.28f1/Editor/Data/PlaybackEngines/WindowsStandaloneSupport/UnityEditor.WindowsStandalone.Extensions.dll
Registered in 0.005042 seconds.
Native extension for WindowsStandalone target not found
Native extension for WebGL target not found
Refreshing native plugins compatible for Editor in 63.43 ms, found 3 plugins.
Preloading 0 native plugins for Editor in 0.00 ms.
Mono: successfully reloaded assembly
- Completed reload, in  0.799 seconds
Domain Reload Profiling:
	ReloadAssembly (799ms)
		BeginReloadAssembly (94ms)
			ExecutionOrderSort (0ms)
			DisableScriptedObjects (0ms)
			BackupInstance (0ms)
			ReleaseScriptingObjects (0ms)
			CreateAndSetChildDomain (1ms)
		EndReloadAssembly (607ms)
			LoadAssemblies (90ms)
			RebuildTransferFunctionScriptingTraits (0ms)
			SetupTypeCache (185ms)
			ReleaseScriptCaches (0ms)
			RebuildScriptCaches (43ms)
			SetupLoadedEditorAssemblies (227ms)
				LogAssemblyErrors (0ms)
				InitializePlatformSupportModulesInManaged (8ms)
				SetLoadedEditorAssemblies (0ms)
				RefreshPlugins (64ms)
				BeforeProcessingInitializeOnLoad (17ms)
				ProcessInitializeOnLoadAttributes (105ms)
				ProcessInitializeOnLoadMethodAttributes (34ms)
				AfterProcessingInitializeOnLoad (0ms)
				EditorAssembliesLoaded (0ms)
			ExecutionOrderSort2 (0ms)
			AwakeInstancesAfterBackupRestoration (0ms)
Platform modules already initialized, skipping
Registering precompiled user dll's ...
Registered in 0.004154 seconds.
Begin MonoManager ReloadAssembly
Native extension for WindowsStandalone target not found
Native extension for WebGL target not found
Refreshing native plugins compatible for Editor in 60.80 ms, found 3 plugins.
Preloading 0 native plugins for Editor in 0.00 ms.
Mono: successfully reloaded assembly
- Completed reload, in 10.216 seconds
Domain Reload Profiling:
	ReloadAssembly (10223ms)
		BeginReloadAssembly (239ms)
			ExecutionOrderSort (0ms)
			DisableScriptedObjects (6ms)
			BackupInstance (0ms)
			ReleaseScriptingObjects (0ms)
			CreateAndSetChildDomain (58ms)
		EndReloadAssembly (9770ms)
			LoadAssemblies (8119ms)
			RebuildTransferFunctionScriptingTraits (0ms)
			SetupTypeCache (527ms)
			ReleaseScriptCaches (1ms)
			RebuildScriptCaches (59ms)
			SetupLoadedEditorAssemblies (884ms)
				LogAssemblyErrors (0ms)
				InitializePlatformSupportModulesInManaged (6ms)
				SetLoadedEditorAssemblies (0ms)
				RefreshPlugins (61ms)
				BeforeProcessingInitializeOnLoad (99ms)
				ProcessInitializeOnLoadAttributes (590ms)
				ProcessInitializeOnLoadMethodAttributes (106ms)
				AfterProcessingInitializeOnLoad (21ms)
				EditorAssembliesLoaded (0ms)
			ExecutionOrderSort2 (0ms)
			AwakeInstancesAfterBackupRestoration (13ms)
Platform modules already initialized, skipping
========================================================================
Worker process is ready to serve import requests
Launched and connected shader compiler UnityShaderCompiler.exe after 0.81 seconds
Refreshing native plugins compatible for Editor in 1.40 ms, found 3 plugins.
Preloading 0 native plugins for Editor in 0.00 ms.
Unloading 2254 Unused Serialized files (Serialized files now loaded: 0)
System memory in use before: 111.8 MB.
System memory in use after: 111.7 MB.

Unloading 34 unused Assets to reduce memory usage. Loaded Objects now: 2696.
Total: 6.617800 ms (FindLiveObjects: 0.374500 ms CreateObjectMapping: 0.203900 ms MarkObjects: 5.828200 ms  DeleteObjects: 0.209600 ms)

AssetImportParameters requested are different than current active one (requested -> active):
  custom:framework-win-MediaFoundation: 216162199b28c13a410421893ffa2e32 -> 
  custom:video-decoder-ogg-theora: a1e56fd34408186e4bbccfd4996cb3dc -> 
  custom:container-muxer-webm: aa71ff27fc2769a1b78a27578f13a17b -> 
  custom:container-demuxer-webm: 4f35f7cbe854078d1ac9338744f61a02 -> 
  custom:container-demuxer-ogg: 62fdf1f143b41e24485cea50d1cbac27 -> 
  custom:video-encoder-webm-vp8: eb34c28f22e8b96e1ab97ce403110664 -> 
  custom:video-decoder-webm-vp8: 9c59270c3fd7afecdb556c50c9e8de78 -> 
  custom:audio-decoder-ogg-vorbis: bf7c407c2cedff20999df2af8eb42d56 -> 
  custom:audio-encoder-webm-vorbis: bf7c407c2cedff20999df2af8eb42d56 -> 
========================================================================
Received Import Request.
  path: Assets/Bandits - Pixel Art/Animations/Heavy Bandit
  artifactKey: Guid(0a9ac01b012ca8649817c0e5f2283a60) Importer(815301076,1909f56bfc062723c751e8b465ee728b)
Start importing Assets/Bandits - Pixel Art/Animations/Heavy Bandit using Guid(0a9ac01b012ca8649817c0e5f2283a60) Importer(815301076,1909f56bfc062723c751e8b465ee728b)  -> (artifact id: 'b04f2b981944a83adb900d09e6d93a70') in 0.110280 seconds 
  Import took 0.165064 seconds .

========================================================================
Received Import Request.
  Time since last request: 0.000931 seconds.
  path: Assets/Bandits - Pixel Art/Animations/Light Bandit/LightBandit_Death.anim
  artifactKey: Guid(e38cb418ab88f9346b0ebccb770105ee) Importer(815301076,1909f56bfc062723c751e8b465ee728b)
Start importing Assets/Bandits - Pixel Art/Animations/Light Bandit/LightBandit_Death.anim using Guid(e38cb418ab88f9346b0ebccb770105ee) Importer(815301076,1909f56bfc062723c751e8b465ee728b)  -> (artifact id: 'f7150f23977b13e9ed8c0b387ff3fd4c') in 0.314757 seconds 
  Import took 0.326431 seconds .

========================================================================
Received Import Request.
  Time since last request: 0.000509 seconds.
  path: Assets/_TerrainAutoUpgrade
  artifactKey: Guid(b9bf57dfef43f664281aa661ecb5c689) Importer(815301076,1909f56bfc062723c751e8b465ee728b)
Start importing Assets/_TerrainAutoUpgrade using Guid(b9bf57dfef43f664281aa661ecb5c689) Importer(815301076,1909f56bfc062723c751e8b465ee728b)  -> (artifact id: 'f1f94e3e3d15bb67a35cb71047d211a4') in 0.038308 seconds 
  Import took 0.050651 seconds .

========================================================================
Received Import Request.
  Time since last request: 0.000420 seconds.
  path: Assets/Bandits - Pixel Art/Animations/Light Bandit/LightBandit_Run.anim
  artifactKey: Guid(c2755e67fa2a27c4784f3f25fb5572ef) Importer(815301076,1909f56bfc062723c751e8b465ee728b)
Start importing Assets/Bandits - Pixel Art/Animations/Light Bandit/LightBandit_Run.anim using Guid(c2755e67fa2a27c4784f3f25fb5572ef) Importer(815301076,1909f56bfc062723c751e8b465ee728b)  -> (artifact id: 'a537332ab4b77d4813bf7a1b7b2539fe') in 0.029704 seconds 
  Import took 0.053134 seconds .

========================================================================
Received Import Request.
  Time since last request: 0.000256 seconds.
  path: Assets/Battle Music Pack DEMO/Battle Theme 4_demo.wav
  artifactKey: Guid(b7501a20c06ef20469c1419fea37f021) Importer(815301076,1909f56bfc062723c751e8b465ee728b)
Start importing Assets/Battle Music Pack DEMO/Battle Theme 4_demo.wav using Guid(b7501a20c06ef20469c1419fea37f021) Importer(815301076,1909f56bfc062723c751e8b465ee728b)  -> (artifact id: 'b3aa8631333870851f9e728765521cbf') in 1.317003 seconds 
  Import took 1.344822 seconds .

========================================================================
Received Import Request.
  Time since last request: 0.000313 seconds.
  path: Assets/Bandits - Pixel Art/Animations/Light Bandit/LightBandit_Hurt.anim
  artifactKey: Guid(f4d08aca8d9c8b24f969b71bcb299c54) Importer(815301076,1909f56bfc062723c751e8b465ee728b)
Start importing Assets/Bandits - Pixel Art/Animations/Light Bandit/LightBandit_Hurt.anim using Guid(f4d08aca8d9c8b24f969b71bcb299c54) Importer(815301076,1909f56bfc062723c751e8b465ee728b)  -> (artifact id: '3251d8999bb4b8484997eb75e49b193e') in 0.048140 seconds 
  Import took 0.074449 seconds .

========================================================================
Received Import Request.
  Time since last request: 0.000260 seconds.
  path: Assets/Battle Music Pack DEMO/Battle Theme 1_demo.wav
  artifactKey: Guid(457771d0864a67842a71c2fb0a3fdc1a) Importer(815301076,1909f56bfc062723c751e8b465ee728b)
Start importing Assets/Battle Music Pack DEMO/Battle Theme 1_demo.wav using Guid(457771d0864a67842a71c2fb0a3fdc1a) Importer(815301076,1909f56bfc062723c751e8b465ee728b)  -> (artifact id: 'fefd7d5dd52eb320e5ec36835136880f') in 0.108047 seconds 
  Import took 0.125436 seconds .

========================================================================
Received Import Request.
  Time since last request: 0.000664 seconds.
  path: Assets/Bandits - Pixel Art/Animations
  artifactKey: Guid(5b4588478efd7c244b598df63562b79f) Importer(815301076,1909f56bfc062723c751e8b465ee728b)
Start importing Assets/Bandits - Pixel Art/Animations using Guid(5b4588478efd7c244b598df63562b79f) Importer(815301076,1909f56bfc062723c751e8b465ee728b)  -> (artifact id: '222e4c8364fd622f4335228fde072f13') in 0.068160 seconds 
  Import took 0.095500 seconds .

========================================================================
Received Import Request.
  Time since last request: 0.000690 seconds.
  path: Assets/Bandits - Pixel Art/Animations/Light Bandit/LightBandit_Attack.anim
  artifactKey: Guid(f50ea1e86c917ee4a886801ca2d6f4c2) Importer(815301076,1909f56bfc062723c751e8b465ee728b)
Start importing Assets/Bandits - Pixel Art/Animations/Light Bandit/LightBandit_Attack.anim using Guid(f50ea1e86c917ee4a886801ca2d6f4c2) Importer(815301076,1909f56bfc062723c751e8b465ee728b)  -> (artifact id: 'aa78737ec15999a1c92076f9cd4a905c') in 0.308169 seconds 
  Import took 0.339863 seconds .

========================================================================
Received Import Request.
  Time since last request: 0.000319 seconds.
  path: Assets/Bandits - Pixel Art/Animations/Light Bandit/LightBandit_Idle.anim
  artifactKey: Guid(5ebd92ec0147c7d4dac5630b51456c5f) Importer(815301076,1909f56bfc062723c751e8b465ee728b)
Start importing Assets/Bandits - Pixel Art/Animations/Light Bandit/LightBandit_Idle.anim using Guid(5ebd92ec0147c7d4dac5630b51456c5f) Importer(815301076,1909f56bfc062723c751e8b465ee728b)  -> (artifact id: '9b7f0aaaffd0f006a896afe054ab58b4') in 0.016827 seconds 
  Import took 0.047258 seconds .

========================================================================
Received Import Request.
  Time since last request: 0.000265 seconds.
  path: Assets/Bandits - Pixel Art/Animations/Light Bandit/LightBandit_CombatIdle.anim
  artifactKey: Guid(6a1ebf4e9e2b85c4dbeebc58d8f911ca) Importer(815301076,1909f56bfc062723c751e8b465ee728b)
Start importing Assets/Bandits - Pixel Art/Animations/Light Bandit/LightBandit_CombatIdle.anim using Guid(6a1ebf4e9e2b85c4dbeebc58d8f911ca) Importer(815301076,1909f56bfc062723c751e8b465ee728b)  -> (artifact id: '8affc93d8f99c27fded6008495b38a3d') in 0.007281 seconds 
  Import took 0.037146 seconds .

========================================================================
Received Import Request.
  Time since last request: 0.000500 seconds.
  path: Assets/Bandits - Pixel Art/Sprites/HeavyBandit_0 1.controller
  artifactKey: Guid(dfd5795bd505aa8489276ba7d549208e) Importer(815301076,1909f56bfc062723c751e8b465ee728b)
Start importing Assets/Bandits - Pixel Art/Sprites/HeavyBandit_0 1.controller using Guid(dfd5795bd505aa8489276ba7d549208e) Importer(815301076,1909f56bfc062723c751e8b465ee728b)  -> (artifact id: '5bcfc589c1f2644d06753bf4289c0a76') in 0.193077 seconds 
  Import took 0.215850 seconds .

========================================================================
Received Import Request.
  Time since last request: 0.000259 seconds.
  path: Assets/Bandits - Pixel Art/Animations/Heavy Bandit/HeavyBandit_Attack.anim
  artifactKey: Guid(55855508312d92143a67a54f910896a0) Importer(815301076,1909f56bfc062723c751e8b465ee728b)
Start importing Assets/Bandits - Pixel Art/Animations/Heavy Bandit/HeavyBandit_Attack.anim using Guid(55855508312d92143a67a54f910896a0) Importer(815301076,1909f56bfc062723c751e8b465ee728b)  -> (artifact id: '7bbe58ccff06e94f03556baf26df134b') in 0.019876 seconds 
  Import took 0.032746 seconds .

========================================================================
Received Import Request.
  Time since last request: 0.000394 seconds.
  path: Assets/2D_Background_SunshineForest
  artifactKey: Guid(36e90b6ad19e7b34e86d8e8032752fad) Importer(815301076,1909f56bfc062723c751e8b465ee728b)
Start importing Assets/2D_Background_SunshineForest using Guid(36e90b6ad19e7b34e86d8e8032752fad) Importer(815301076,1909f56bfc062723c751e8b465ee728b)  -> (artifact id: '790abc40650ced07f060e44da3ee5366') in 0.011480 seconds 
  Import took 0.039448 seconds .

========================================================================
Received Import Request.
  Time since last request: 0.001623 seconds.
  path: Assets/Battle Music Pack DEMO
  artifactKey: Guid(0a29801ece86d6b44946c1cab6071966) Importer(815301076,1909f56bfc062723c751e8b465ee728b)
Start importing Assets/Battle Music Pack DEMO using Guid(0a29801ece86d6b44946c1cab6071966) Importer(815301076,1909f56bfc062723c751e8b465ee728b)  -> (artifact id: 'cdbb08425e9b12c46d1cf696585ba681') in 0.012816 seconds 
  Import took 0.048550 seconds .

========================================================================
Received Import Request.
  Time since last request: 0.000207 seconds.
  path: Assets/Battle Music Pack DEMO/Battle Theme 5_demo.wav
  artifactKey: Guid(a78303900de031545bfe54fdf32f9c69) Importer(815301076,1909f56bfc062723c751e8b465ee728b)
Start importing Assets/Battle Music Pack DEMO/Battle Theme 5_demo.wav using Guid(a78303900de031545bfe54fdf32f9c69) Importer(815301076,1909f56bfc062723c751e8b465ee728b)  -> (artifact id: '0269cd5e78e53738f2a2a398a19c955f') in 0.034178 seconds 
  Import took 0.061680 seconds .

========================================================================
Received Import Request.
  Time since last request: 0.000280 seconds.
  path: Assets/Bandits - Pixel Art/Animations/Light Bandit/LightBandit_Recover.anim
  artifactKey: Guid(8e501a4decb168e48bb9b17dc0ea2b53) Importer(815301076,1909f56bfc062723c751e8b465ee728b)
Start importing Assets/Bandits - Pixel Art/Animations/Light Bandit/LightBandit_Recover.anim using Guid(8e501a4decb168e48bb9b17dc0ea2b53) Importer(815301076,1909f56bfc062723c751e8b465ee728b)  -> (artifact id: '7d258e59882c9d2e75c7649abbe267cc') in 0.007083 seconds 
  Import took 0.041361 seconds .

========================================================================
Received Import Request.
  Time since last request: 0.000321 seconds.
  path: Assets/Battle Music Pack DEMO/Battle Theme 3_demo.wav
  artifactKey: Guid(3743191223aa7884aa5f127d9f41d978) Importer(815301076,1909f56bfc062723c751e8b465ee728b)
Start importing Assets/Battle Music Pack DEMO/Battle Theme 3_demo.wav using Guid(3743191223aa7884aa5f127d9f41d978) Importer(815301076,1909f56bfc062723c751e8b465ee728b)  -> (artifact id: '0f6a22a8d4d0baa5e610a55c76e5f740') in 0.034898 seconds 
  Import took 0.048546 seconds .

========================================================================
Received Import Request.
  Time since last request: 0.000233 seconds.
  path: Assets/Bandits - Pixel Art
  artifactKey: Guid(4543a13b92a75864b9cb5cfba53e4ce5) Importer(815301076,1909f56bfc062723c751e8b465ee728b)
Start importing Assets/Bandits - Pixel Art using Guid(4543a13b92a75864b9cb5cfba53e4ce5) Importer(815301076,1909f56bfc062723c751e8b465ee728b)  -> (artifact id: '0f200dbd08f235c410eb83234106d3f0') in 0.008922 seconds 
  Import took 0.015865 seconds .

========================================================================
Received Import Request.
  Time since last request: 0.000439 seconds.
  path: Assets/Bandits - Pixel Art/Animations/Light Bandit/LightBandit_Jump.anim
  artifactKey: Guid(d756094fc5e8c594ba2e2ba808fe9a90) Importer(815301076,1909f56bfc062723c751e8b465ee728b)
Start importing Assets/Bandits - Pixel Art/Animations/Light Bandit/LightBandit_Jump.anim using Guid(d756094fc5e8c594ba2e2ba808fe9a90) Importer(815301076,1909f56bfc062723c751e8b465ee728b)  -> (artifact id: '6e53198afd3e863c2858063a4137f92e') in 0.009694 seconds 
  Import took 0.029596 seconds .

========================================================================
Received Import Request.
  Time since last request: 0.000217 seconds.
  path: Assets/Battle Music Pack DEMO/Battle Theme 2_demo.wav
  artifactKey: Guid(42473177e27deec47a049056af08c108) Importer(815301076,1909f56bfc062723c751e8b465ee728b)
Start importing Assets/Battle Music Pack DEMO/Battle Theme 2_demo.wav using Guid(42473177e27deec47a049056af08c108) Importer(815301076,1909f56bfc062723c751e8b465ee728b)  -> (artifact id: 'ee270686fe91327c22938d13c647256e') in 0.040353 seconds 
  Import took 0.060578 seconds .

========================================================================
Received Import Request.
  Time since last request: 0.385333 seconds.
  path: Assets/Bandits - Pixel Art/Animations/Heavy Bandit/HeavyBandit_CombatIdle.anim
  artifactKey: Guid(9681041169dffab4f975b055976010cb) Importer(815301076,1909f56bfc062723c751e8b465ee728b)
Start importing Assets/Bandits - Pixel Art/Animations/Heavy Bandit/HeavyBandit_CombatIdle.anim using Guid(9681041169dffab4f975b055976010cb) Importer(815301076,1909f56bfc062723c751e8b465ee728b)  -> (artifact id: '92e5e5dd3776ffc5fd064ab7e5692dd4') in 0.024571 seconds 
  Import took 0.041759 seconds .

========================================================================
Received Import Request.
  Time since last request: 1.097786 seconds.
  path: Assets/Bandits - Pixel Art/Animations/Heavy Bandit/HeavyBandit_Death.anim
  artifactKey: Guid(9adbb6eb25891a14b892bd7583d64ce7) Importer(815301076,1909f56bfc062723c751e8b465ee728b)
Start importing Assets/Bandits - Pixel Art/Animations/Heavy Bandit/HeavyBandit_Death.anim using Guid(9adbb6eb25891a14b892bd7583d64ce7) Importer(815301076,1909f56bfc062723c751e8b465ee728b)  -> (artifact id: '2e17867a95808dd8ae932ec2c79e6284') in 0.014566 seconds 
  Import took 0.031184 seconds .

========================================================================
Received Import Request.
  Time since last request: 0.632913 seconds.
  path: Assets/Bandits - Pixel Art/Animations/Heavy Bandit/HeavyBandit_Hurt.anim
  artifactKey: Guid(22ab788fa3464374b9f8c6f542ca4290) Importer(815301076,1909f56bfc062723c751e8b465ee728b)
Start importing Assets/Bandits - Pixel Art/Animations/Heavy Bandit/HeavyBandit_Hurt.anim using Guid(22ab788fa3464374b9f8c6f542ca4290) Importer(815301076,1909f56bfc062723c751e8b465ee728b)  -> (artifact id: 'cf5ba0ccfe3c7635e5efbbbda95406f6') in 0.063774 seconds 
  Import took 0.174265 seconds .

========================================================================
Received Import Request.
  Time since last request: 0.396347 seconds.
  path: Assets/Bandits - Pixel Art/Animations/Heavy Bandit/HeavyBandit_Idle.anim
  artifactKey: Guid(f072d35f5943e0b40946a268fd10c0e0) Importer(815301076,1909f56bfc062723c751e8b465ee728b)
Start importing Assets/Bandits - Pixel Art/Animations/Heavy Bandit/HeavyBandit_Idle.anim using Guid(f072d35f5943e0b40946a268fd10c0e0) Importer(815301076,1909f56bfc062723c751e8b465ee728b)  -> (artifact id: '55db43a82df861a8a356c16f6b5f64ce') in 0.023743 seconds 
  Import took 0.057491 seconds .

========================================================================
Received Import Request.
  Time since last request: 0.494486 seconds.
  path: Assets/Bandits - Pixel Art/Animations/Heavy Bandit/HeavyBandit_Jump.anim
  artifactKey: Guid(6862262ae453990458ce4d7bffa67e7d) Importer(815301076,1909f56bfc062723c751e8b465ee728b)
Start importing Assets/Bandits - Pixel Art/Animations/Heavy Bandit/HeavyBandit_Jump.anim using Guid(6862262ae453990458ce4d7bffa67e7d) Importer(815301076,1909f56bfc062723c751e8b465ee728b)  -> (artifact id: 'aa625e7c97bb37280945075cbad78a26') in 0.043852 seconds 
  Import took 0.050030 seconds .

========================================================================
Received Import Request.
  Time since last request: 0.553520 seconds.
  path: Assets/Bandits - Pixel Art/Animations/Heavy Bandit/HeavyBandit_Run.anim
  artifactKey: Guid(89f869cf61a771e40bbc282a5c7add2f) Importer(815301076,1909f56bfc062723c751e8b465ee728b)
Start importing Assets/Bandits - Pixel Art/Animations/Heavy Bandit/HeavyBandit_Run.anim using Guid(89f869cf61a771e40bbc282a5c7add2f) Importer(815301076,1909f56bfc062723c751e8b465ee728b)  -> (artifact id: 'd95a4640ff24a5f6bca51fbf74855f0f') in 0.023815 seconds 
  Import took 0.052498 seconds .

